<?xml version="1.0" encoding="UTF-8"?>
<testng-results ignored="0" total="1" passed="1" failed="0" skipped="0">
  <reporter-output>
  </reporter-output>
  <suite started-at="2020-07-01T11:53:47 IST" name="Default suite" finished-at="2020-07-01T11:55:13 IST" duration-ms="86708">
    <groups>
    </groups>
    <test started-at="2020-07-01T11:53:47 IST" name="Default test" finished-at="2020-07-01T11:55:13 IST" duration-ms="86708">
      <class name="com.shadabanwar.test.Cosmetics">
        <test-method is-config="true" signature="Setup()[pri:0, instance:com.shadabanwar.test.Cosmetics@222114ba]" started-at="2020-07-01T11:53:47 IST" name="Setup" finished-at="2020-07-01T11:54:01 IST" duration-ms="14304" status="PASS">
          <reporter-output>
          </reporter-output>
        </test-method> <!-- Setup -->
        <test-method signature="Items()[pri:0, instance:com.shadabanwar.test.Cosmetics@222114ba]" started-at="2020-07-01T11:54:01 IST" name="Items" finished-at="2020-07-01T11:55:13 IST" duration-ms="72355" status="PASS">
          <reporter-output>
          </reporter-output>
        </test-method> <!-- Items -->
      </class> <!-- com.shadabanwar.test.Cosmetics -->
    </test> <!-- Default test -->
  </suite> <!-- Default suite -->
</testng-results>
